Time Limit/Temp/gradleOut/launcher/build/outputs/logs/manifest-merger-release-report.txt
-- Merging decision tree log ---
manifest
ADDED from src\main\AndroidManifest.xml:3:1-6:12
INJECTED from src\main\AndroidManifest.xml:3:1-6:12
INJECTED from src\main\AndroidManifest.xml:3:1-6:12
INJECTED from src\main\AndroidManifest.xml:3:1-6:12
MERGED from [:unityLibrary] AndroidManifest.xml:3:1-66:12
MERGED from [:androidx.arch.core.core-runtime-2.0.1:] AndroidManifest.xml:17:1-22:12
MERGED from [:androidx.asynclayoutinflater.asynclayoutinflater-1.0.0:] AndroidManifest.xml:17:1-22:12
MERGED from [:androidx.browser.browser-1.0.0:] AndroidManifest.xml:17:1-22:12
MERGED from [:androidx.coordinatorlayout.coordinatorlayout-1.0.0:] AndroidManifest.xml:17:1-22:12
MERGED from [:androidx.core.core-1.2.0:] AndroidManifest.xml:17:1-26:12
MERGED from [:androidx.cursoradapter.cursoradapter-1.0.0:] AndroidManifest.xml:17:1-22:12
MERGED from [:androidx.customview.customview-1.0.0:] AndroidManifest.xml:17:1-22:12
MERGED from [:androidx.documentfile.documentfile-1.0.0:] AndroidManifest.xml:17:1-22:12
MERGED from [:androidx.drawerlayout.drawerlayout-1.0.0:] AndroidManifest.xml:17:1-22:12
MERGED from [:androidx.fragment.fragment-1.0.0:] AndroidManifest.xml:17:1-22:12
MERGED from [:androidx.interpolator.interpolator-1.0.0:] AndroidManifest.xml:17:1-22:12
MERGED from [:androidx.legacy.legacy-support-core-ui-1.0.0:] AndroidManifest.xml:17:1-22:12
MERGED from [:androidx.legacy.legacy-support-core-utils-1.0.0:] AndroidManifest.xml:17:1-22:12
MERGED from [:androidx.lifecycle.lifecycle-livedata-2.0.0:] AndroidManifest.xml:17:1-22:12
MERGED from [:androidx.lifecycle.lifecycle-livedata-core-2.0.0:] AndroidManifest.xml:17:1-22:12
MERGED from [:androidx.lifecycle.lifecycle-runtime-2.0.0:] AndroidManifest.xml:17:1-22:12
MERGED from [:androidx.lifecycle.lifecycle-service-2.0.0:] AndroidManifest.xml:17:1-22:12
MERGED from [:androidx.lifecycle.lifecycle-viewmodel-2.0.0:] AndroidManifest.xml:17:1-22:12
MERGED from [:androidx.loader.loader-1.0.0:] AndroidManifest.xml:17:1-22:12
MERGED from [:androidx.localbroadcastmanager.localbroadcastmanager-1.0.0:] AndroidManifest.xml:17:1-22:12
MERGED from [:androidx.print.print-1.0.0:] AndroidManifest.xml:17:1-22:12
MERGED from [:androidx.room.room-runtime-2.1.0:] AndroidManifest.xml:17:1-30:12
MERGED from [:androidx.slidingpanelayout.slidingpanelayout-1.0.0:] AndroidManifest.xml:17:1-22:12
MERGED from [:androidx.sqlite.sqlite-2.0.1:] AndroidManifest.xml:17:1-22:12
MERGED from [:androidx.sqlite.sqlite-framework-2.0.1:] AndroidManifest.xml:17:1-22:12
MERGED from [:androidx.swiperefreshlayout.swiperefreshlayout-1.0.0:] AndroidManifest.xml:17:1-22:12
MERGED from [:androidx.versionedparcelable.versionedparcelable-1.1.0:] AndroidManifest.xml:17:1-27:12
MERGED from [:androidx.viewpager.viewpager-1.0.0:] AndroidManifest.xml:17:1-22:12
MERGED from [:androidx.work.work-runtime-2.1.0:] AndroidManifest.xml:17:1-63:12
MERGED from [:com.google.android.gms.play-services-ads-19.5.0:] AndroidManifest.xml:17:1-25:12
MERGED from [:com.google.android.gms.play-services-ads-base-19.5.0:] AndroidManifest.xml:2:1-9:12
MERGED from [:com.google.android.gms.play-services-ads-identifier-17.0.0:] AndroidManifest.xml:17:1-24:12
MERGED from [:com.google.android.gms.play-services-ads-lite-19.5.0:] AndroidManifest.xml:17:1-28:12
MERGED from [:com.google.android.gms.play-services-basement-17.3.0:] AndroidManifest.xml:17:1-28:12
MERGED from [:com.google.android.gms.play-services-gass-19.5.0:] AndroidManifest.xml:2:1-9:12
MERGED from [:com.google.android.gms.play-services-measurement-base-17.2.0:] AndroidManifest.xml:2:1-9:12
MERGED from [:com.google.android.gms.play-services-measurement-sdk-api-17.2.0:] AndroidManifest.xml:17:1-27:12
MERGED from [:com.google.android.gms.play-services-tasks-17.1.0:] AndroidManifest.xml:2:1-9:12
MERGED from [:googlemobileads-unity:] AndroidManifest.xml:7:1-18:12
MERGED from [:UnityAds:] AndroidManifest.xml:2:1-37:12
MERGED from [:UnityAdsAndroidPlugin:] AndroidManifest.xml:2:1-11:12
MERGED from [:unityLibrary:GoogleMobileAdsPlugin.androidlib] AndroidManifest.xml:2:1-19:12
INJECTED from src\main\AndroidManifest.xml:3:1-6:12
INJECTED from src\main\AndroidManifest.xml:3:1-6:12
INJECTED from src\main\AndroidManifest.xml:3:1-6:12
	package
		ADDED from src\main\AndroidManifest.xml:3:70-110
		INJECTED from src\main\AndroidManifest.xml
		INJECTED from src\main\AndroidManifest.xml
	android:versionName
		INJECTED from src\main\AndroidManifest.xml
		ADDED from src\main\AndroidManifest.xml:3:1-6:12
		INJECTED from src\main\AndroidManifest.xml
	xmlns:tools
		ADDED from src\main\AndroidManifest.xml:3:111-157
	android:versionCode
		INJECTED from src\main\AndroidManifest.xml
		ADDED from src\main\AndroidManifest.xml:3:1-6:12
		INJECTED from src\main\AndroidManifest.xml
	xmlns:android
		ADDED from src\main\AndroidManifest.xml:3:11-69
	android:installLocation
		ADDED from src\main\AndroidManifest.xml:3:158-198
supports-screens
ADDED from src\main\AndroidManifest.xml:4:3-163
	android:largeScreens
		ADDED from src\main\AndroidManifest.xml:4:78-105
	android:smallScreens
		ADDED from src\main\AndroidManifest.xml:4:21-48
	android:normalScreens
		ADDED from src\main\AndroidManifest.xml:4:49-77
	android:xlargeScreens
		ADDED from src\main\AndroidManifest.xml:4:106-134
	android:anyDensity
		ADDED from src\main\AndroidManifest.xml:4:135-160
application
ADDED from src\main\AndroidManifest.xml:5:3-83
MERGED from [:unityLibrary] AndroidManifest.xml:30:5-64:19
MERGED from [:unityLibrary] AndroidManifest.xml:30:5-64:19
MERGED from [:androidx.core.core-1.2.0:] AndroidManifest.xml:24:5-89
MERGED from [:androidx.core.core-1.2.0:] AndroidManifest.xml:24:5-89
MERGED from [:androidx.room.room-runtime-2.1.0:] AndroidManifest.xml:24:5-28:19
MERGED from [:androidx.room.room-runtime-2.1.0:] AndroidManifest.xml:24:5-28:19
MERGED from [:androidx.versionedparcelable.versionedparcelable-1.1.0:] AndroidManifest.xml:24:5-25:19
MERGED from [:androidx.versionedparcelable.versionedparcelable-1.1.0:] AndroidManifest.xml:24:5-25:19
MERGED from [:androidx.work.work-runtime-2.1.0:] AndroidManifest.xml:22:3-62:17
MERGED from [:androidx.work.work-runtime-2.1.0:] AndroidManifest.xml:22:3-62:17
MERGED from [:com.google.android.gms.play-services-ads-base-19.5.0:] AndroidManifest.xml:7:5-20
MERGED from [:com.google.android.gms.play-services-ads-base-19.5.0:] AndroidManifest.xml:7:5-20
MERGED from [:com.google.android.gms.play-services-ads-identifier-17.0.0:] AndroidManifest.xml:22:5-20
MERGED from [:com.google.android.gms.play-services-ads-identifier-17.0.0:] AndroidManifest.xml:22:5-20
MERGED from [:com.google.android.gms.play-services-ads-lite-19.5.0:] AndroidManifest.xml:22:3-27:17
MERGED from [:com.google.android.gms.play-services-ads-lite-19.5.0:] AndroidManifest.xml:22:3-27:17
MERGED from [:com.google.android.gms.play-services-basement-17.3.0:] AndroidManifest.xml:22:5-26:19
MERGED from [:com.google.android.gms.play-services-basement-17.3.0:] AndroidManifest.xml:22:5-26:19
MERGED from [:com.google.android.gms.play-services-gass-19.5.0:] AndroidManifest.xml:7:5-20
MERGED from [:com.google.android.gms.play-services-gass-19.5.0:] AndroidManifest.xml:7:5-20
MERGED from [:com.google.android.gms.play-services-measurement-base-17.2.0:] AndroidManifest.xml:7:5-20
MERGED from [:com.google.android.gms.play-services-measurement-base-17.2.0:] AndroidManifest.xml:7:5-20
MERGED from [:com.google.android.gms.play-services-tasks-17.1.0:] AndroidManifest.xml:7:5-20
MERGED from [:com.google.android.gms.play-services-tasks-17.1.0:] AndroidManifest.xml:7:5-20
MERGED from [:UnityAds:] AndroidManifest.xml:14:5-35:19
MERGED from [:UnityAds:] AndroidManifest.xml:14:5-35:19
MERGED from [:unityLibrary:GoogleMobileAdsPlugin.androidlib] AndroidManifest.xml:9:5-17:19
MERGED from [:unityLibrary:GoogleMobileAdsPlugin.androidlib] AndroidManifest.xml:9:5-17:19
	android:appComponentFactory
		ADDED from [:androidx.core.core-1.2.0:] AndroidManifest.xml:24:18-86
	android:label
		ADDED from src\main\AndroidManifest.xml:5:16-48
	android:icon
		ADDED from src\main\AndroidManifest.xml:5:49-80
uses-sdk
INJECTED from src\main\AndroidManifest.xml reason: use-sdk injection requested
INJECTED from src\main\AndroidManifest.xml
INJECTED from src\main\AndroidManifest.xml
MERGED from [:unityLibrary] AndroidManifest.xml:9:5-11:41
MERGED from [:unityLibrary] AndroidManifest.xml:9:5-11:41
MERGED from [:androidx.arch.core.core-runtime-2.0.1:] AndroidManifest.xml:20:5-44
MERGED from [:androidx.arch.core.core-runtime-2.0.1:] AndroidManifest.xml:20:5-44
MERGED from [:androidx.asynclayoutinflater.asynclayoutinflater-1.0.0:] AndroidManifest.xml:20:5-44
MERGED from [:androidx.asynclayoutinflater.asynclayoutinflater-1.0.0:] AndroidManifest.xml:20:5-44
MERGED from [:androidx.browser.browser-1.0.0:] AndroidManifest.xml:20:5-44
MERGED from [:androidx.browser.browser-1.0.0:] AndroidManifest.xml:20:5-44
MERGED from [:androidx.coordinatorlayout.coordinatorlayout-1.0.0:] AndroidManifest.xml:20:5-44
MERGED from [:androidx.coordinatorlayout.coordinatorlayout-1.0.0:] AndroidManifest.xml:20:5-44
MERGED from [:androidx.core.core-1.2.0:] AndroidManifest.xml:20:5-22:41
MERGED from [:androidx.core.core-1.2.0:] AndroidManifest.xml:20:5-22:41
MERGED from [:androidx.cursoradapter.cursoradapter-1.0.0:] AndroidManifest.xml:20:5-44
MERGED from [:androidx.cursoradapter.cursoradapter-1.0.0:] AndroidManifest.xml:20:5-44
MERGED from [:androidx.customview.customview-1.0.0:] AndroidManifest.xml:20:5-44
MERGED from [:androidx.customview.customview-1.0.0:] AndroidManifest.xml:20:5-44
MERGED from [:androidx.documentfile.documentfile-1.0.0:] AndroidManifest.xml:20:5-44
MERGED from [:androidx.documentfile.documentfile-1.0.0:] AndroidManifest.xml:20:5-44
MERGED from [:androidx.drawerlayout.drawerlayout-1.0.0:] AndroidManifest.xml:20:5-44
MERGED from [:androidx.drawerlayout.drawerlayout-1.0.0:] AndroidManifest.xml:20:5-44
MERGED from [:androidx.fragment.fragment-1.0.0:] AndroidManifest.xml:20:5-44
MERGED from [:androidx.fragment.fragment-1.0.0:] AndroidManifest.xml:20:5-44
MERGED from [:androidx.interpolator.interpolator-1.0.0:] AndroidManifest.xml:20:5-44
MERGED from [:androidx.interpolator.interpolator-1.0.0:] AndroidManifest.xml:20:5-44
MERGED from [:androidx.legacy.legacy-support-core-ui-1.0.0:] AndroidManifest.xml:20:5-44
MERGED from [:androidx.legacy.legacy-support-core-ui-1.0.0:] AndroidManifest.xml:20:5-44
MERGED from [:androidx.legacy.legacy-support-core-utils-1.0.0:] AndroidManifest.xml:20:5-44
MERGED from [:androidx.legacy.legacy-support-core-utils-1.0.0:] AndroidManifest.xml:20:5-44
MERGED from [:androidx.lifecycle.lifecycle-livedata-2.0.0:] AndroidManifest.xml:20:5-44
MERGED from [:androidx.lifecycle.lifecycle-livedata-2.0.0:] AndroidManifest.xml:20:5-44
MERGED from [:androidx.lifecycle.lifecycle-livedata-core-2.0.0:] AndroidManifest.xml:20:5-44
MERGED from [:androidx.lifecycle.lifecycle-livedata-core-2.0.0:] AndroidManifest.xml:20:5-44
MERGED from [:androidx.lifecycle.lifecycle-runtime-2.0.0:] AndroidManifest.xml:20:5-44
MERGED from [:androidx.lifecycle.lifecycle-runtime-2.0.0:] AndroidManifest.xml:20:5-44
MERGED from [:androidx.lifecycle.lifecycle-service-2.0.0:] AndroidManifest.xml:20:5-44
MERGED from [:androidx.lifecycle.lifecycle-service-2.0.0:] AndroidManifest.xml:20:5-44
MERGED from [:androidx.lifecycle.lifecycle-viewmodel-2.0.0:] AndroidManifest.xml:20:5-44
MERGED from [:androidx.lifecycle.lifecycle-viewmodel-2.0.0:] AndroidManifest.xml:20:5-44
MERGED from [:androidx.loader.loader-1.0.0:] AndroidManifest.xml:20:5-44
MERGED from [:androidx.loader.loader-1.0.0:] AndroidManifest.xml:20:5-44
MERGED from [:androidx.localbroadcastmanager.localbroadcastmanager-1.0.0:] AndroidManifest.xml:20:5-44
MERGED from [:androidx.localbroadcastmanager.localbroadcastmanager-1.0.0:] AndroidManifest.xml:20:5-44
MERGED from [:androidx.print.print-1.0.0:] AndroidManifest.xml:20:5-44
MERGED from [:androidx.print.print-1.0.0:] AndroidManifest.xml:20:5-44
MERGED from [:androidx.room.room-runtime-2.1.0:] AndroidManifest.xml:20:5-22:41
MERGED from [:androidx.room.room-runtime-2.1.0:] AndroidManifest.xml:20:5-22:41
MERGED from [:androidx.slidingpanelayout.slidingpanelayout-1.0.0:] AndroidManifest.xml:20:5-44
MERGED from [:androidx.slidingpanelayout.slidingpanelayout-1.0.0:] AndroidManifest.xml:20:5-44
MERGED from [:androidx.sqlite.sqlite-2.0.1:] AndroidManifest.xml:20:5-44
MERGED from [:androidx.sqlite.sqlite-2.0.1:] AndroidManifest.xml:20:5-44
MERGED from [:androidx.sqlite.sqlite-framework-2.0.1:] AndroidManifest.xml:20:5-44
MERGED from [:androidx.sqlite.sqlite-framework-2.0.1:] AndroidManifest.xml:20:5-44
MERGED from [:androidx.swiperefreshlayout.swiperefreshlayout-1.0.0:] AndroidManifest.xml:20:5-44
MERGED from [:androidx.swiperefreshlayout.swiperefreshlayout-1.0.0:] AndroidManifest.xml:20:5-44
MERGED from [:androidx.versionedparcelable.versionedparcelable-1.1.0:] AndroidManifest.xml:20:5-22:41
MERGED from [:androidx.versionedparcelable.versionedparcelable-1.1.0:] AndroidManifest.xml:20:5-22:41
MERGED from [:androidx.viewpager.viewpager-1.0.0:] AndroidManifest.xml:20:5-44
MERGED from [:androidx.viewpager.viewpager-1.0.0:] AndroidManifest.xml:20:5-44
MERGED from [:androidx.work.work-runtime-2.1.0:] AndroidManifest.xml:18:3-72
MERGED from [:androidx.work.work-runtime-2.1.0:] AndroidManifest.xml:18:3-72
MERGED from [:com.google.android.gms.play-services-ads-19.5.0:] AndroidManifest.xml:21:5-23:52
MERGED from [:com.google.android.gms.play-services-ads-19.5.0:] AndroidManifest.xml:21:5-23:52
MERGED from [:com.google.android.gms.play-services-ads-base-19.5.0:] AndroidManifest.xml:5:5-44
MERGED from [:com.google.android.gms.play-services-ads-base-19.5.0:] AndroidManifest.xml:5:5-44
MERGED from [:com.google.android.gms.play-services-ads-identifier-17.0.0:] AndroidManifest.xml:20:5-44
MERGED from [:com.google.android.gms.play-services-ads-identifier-17.0.0:] AndroidManifest.xml:20:5-44
MERGED from [:com.google.android.gms.play-services-ads-lite-19.5.0:] AndroidManifest.xml:18:3-42
MERGED from [:com.google.android.gms.play-services-ads-lite-19.5.0:] AndroidManifest.xml:18:3-42
MERGED from [:com.google.android.gms.play-services-basement-17.3.0:] AndroidManifest.xml:20:5-44
MERGED from [:com.google.android.gms.play-services-basement-17.3.0:] AndroidManifest.xml:20:5-44
MERGED from [:com.google.android.gms.play-services-gass-19.5.0:] AndroidManifest.xml:5:5-44
MERGED from [:com.google.android.gms.play-services-gass-19.5.0:] AndroidManifest.xml:5:5-44
MERGED from [:com.google.android.gms.play-services-measurement-base-17.2.0:] AndroidManifest.xml:5:5-44
MERGED from [:com.google.android.gms.play-services-measurement-base-17.2.0:] AndroidManifest.xml:5:5-44
MERGED from [:com.google.android.gms.play-services-measurement-sdk-api-17.2.0:] AndroidManifest.xml:20:5-44
MERGED from [:com.google.android.gms.play-services-measurement-sdk-api-17.2.0:] AndroidManifest.xml:20:5-44
MERGED from [:com.google.android.gms.play-services-tasks-17.1.0:] AndroidManifest.xml:5:5-44
MERGED from [:com.google.android.gms.play-services-tasks-17.1.0:] AndroidManifest.xml:5:5-44
MERGED from [:googlemobileads-unity:] AndroidManifest.xml:12:5-14:41
MERGED from [:googlemobileads-unity:] AndroidManifest.xml:12:5-14:41
MERGED from [:UnityAds:] AndroidManifest.xml:7:5-9:41
MERGED from [:UnityAds:] AndroidManifest.xml:7:5-9:41
MERGED from [:UnityAdsAndroidPlugin:] AndroidManifest.xml:7:5-9:41
MERGED from [:UnityAdsAndroidPlugin:] AndroidManifest.xml:7:5-9:41
MERGED from [:unityLibrary:GoogleMobileAdsPlugin.androidlib] AndroidManifest.xml:7:5-47
MERGED from [:unityLibrary:GoogleMobileAdsPlugin.androidlib] AndroidManifest.xml:7:5-47
INJECTED from src\main\AndroidManifest.xml
INJECTED from src\main\AndroidManifest.xml
	tools:overrideLibrary
		ADDED from [:com.google.android.gms.play-services-ads-19.5.0:] AndroidManifest.xml:23:9-49
	android:targetSdkVersion
		INJECTED from src\main\AndroidManifest.xml
		ADDED from src\main\AndroidManifest.xml
		INJECTED from src\main\AndroidManifest.xml
	android:minSdkVersion
		INJECTED from src\main\AndroidManifest.xml
		ADDED from src\main\AndroidManifest.xml
		MERGED from src\main\AndroidManifest.xml
		INJECTED from src\main\AndroidManifest.xml
uses-feature#0x00030000
ADDED from [:unityLibrary] AndroidManifest.xml:13:5-54
	android:glEsVersion
		ADDED from [:unityLibrary] AndroidManifest.xml:13:19-51
uses-feature#android.hardware.vulkan.version
ADDED from [:unityLibrary] AndroidManifest.xml:14:5-16:36
	android:required
		ADDED from [:unityLibrary] AndroidManifest.xml:16:9-33
	android:name
		ADDED from [:unityLibrary] AndroidManifest.xml:15:9-55
uses-permission#android.permission.INTERNET
ADDED from [:unityLibrary] AndroidManifest.xml:18:5-67
MERGED from [:com.google.android.gms.play-services-ads-lite-19.5.0:] AndroidManifest.xml:20:3-65
MERGED from [:com.google.android.gms.play-services-ads-lite-19.5.0:] AndroidManifest.xml:20:3-65
MERGED from [:com.google.android.gms.play-services-measurement-sdk-api-17.2.0:] AndroidManifest.xml:23:5-67
MERGED from [:com.google.android.gms.play-services-measurement-sdk-api-17.2.0:] AndroidManifest.xml:23:5-67
MERGED from [:googlemobileads-unity:] AndroidManifest.xml:16:5-67
MERGED from [:googlemobileads-unity:] AndroidManifest.xml:16:5-67
MERGED from [:UnityAds:] AndroidManifest.xml:12:5-67
MERGED from [:UnityAds:] AndroidManifest.xml:12:5-67
	android:name
		ADDED from [:unityLibrary] AndroidManifest.xml:18:22-64
uses-feature#android.hardware.touchscreen
ADDED from [:unityLibrary] AndroidManifest.xml:20:5-22:36
	android:required
		ADDED from [:unityLibrary] AndroidManifest.xml:22:9-33
	android:name
		ADDED from [:unityLibrary] AndroidManifest.xml:21:9-52
uses-feature#android.hardware.touchscreen.multitouch
ADDED from [:unityLibrary] AndroidManifest.xml:23:5-25:36
	android:required
		ADDED from [:unityLibrary] AndroidManifest.xml:25:9-33
	android:name
		ADDED from [:unityLibrary] AndroidManifest.xml:24:9-63
uses-feature#android.hardware.touchscreen.multitouch.distinct
ADDED from [:unityLibrary] AndroidManifest.xml:26:5-28:36
	android:required
		ADDED from [:unityLibrary] AndroidManifest.xml:28:9-33
	android:name
		ADDED from [:unityLibrary] AndroidManifest.xml:27:9-72
activity#com.unity3d.player.UnityPlayerActivity
ADDED from [:unityLibrary] AndroidManifest.xml:31:9-50:20
	android:screenOrientation
		ADDED from [:unityLibrary] AndroidManifest.xml:36:13-49
	android:launchMode
		ADDED from [:unityLibrary] AndroidManifest.xml:35:13-44
	android:hardwareAccelerated
		ADDED from [:unityLibrary] AndroidManifest.xml:34:13-48
	android:configChanges
		ADDED from [:unityLibrary] AndroidManifest.xml:33:13-194
	android:theme
		ADDED from [:unityLibrary] AndroidManifest.xml:37:13-54
	android:name
		ADDED from [:unityLibrary] AndroidManifest.xml:32:13-66
intent-filter#action:name:android.intent.action.MAIN+category:name:android.intent.category.LAUNCHER
ADDED from [:unityLibrary] AndroidManifest.xml:38:13-42:29
action#android.intent.action.MAIN
ADDED from [:unityLibrary] AndroidManifest.xml:39:17-69
	android:name
		ADDED from [:unityLibrary] AndroidManifest.xml:39:25-66
category#android.intent.category.LAUNCHER
ADDED from [:unityLibrary] AndroidManifest.xml:41:17-77
	android:name
		ADDED from [:unityLibrary] AndroidManifest.xml:41:27-74
meta-data#unityplayer.UnityActivity
ADDED from [:unityLibrary] AndroidManifest.xml:44:13-46:40
	android:value
		ADDED from [:unityLibrary] AndroidManifest.xml:46:17-37
	android:name
		ADDED from [:unityLibrary] AndroidManifest.xml:45:17-57
meta-data#android.notch_support
ADDED from [:unityLibrary] AndroidManifest.xml:47:13-49:40
	android:value
		ADDED from [:unityLibrary] AndroidManifest.xml:49:17-37
	android:name
		ADDED from [:unityLibrary] AndroidManifest.xml:48:17-53
meta-data#unity.splash-mode
ADDED from [:unityLibrary] AndroidManifest.xml:52:9-54:33
	android:value
		ADDED from [:unityLibrary] AndroidManifest.xml:54:13-30
	android:name
		ADDED from [:unityLibrary] AndroidManifest.xml:53:13-45
meta-data#unity.splash-enable
ADDED from [:unityLibrary] AndroidManifest.xml:55:9-57:36
	android:value
		ADDED from [:unityLibrary] AndroidManifest.xml:57:13-33
	android:name
		ADDED from [:unityLibrary] AndroidManifest.xml:56:13-47
meta-data#notch.config
ADDED from [:unityLibrary] AndroidManifest.xml:58:9-60:50
	android:value
		ADDED from [:unityLibrary] AndroidManifest.xml:60:13-47
	android:name
		ADDED from [:unityLibrary] AndroidManifest.xml:59:13-40
meta-data#unity.build-id
ADDED from [:unityLibrary] AndroidManifest.xml:61:9-63:68
	android:value
		ADDED from [:unityLibrary] AndroidManifest.xml:63:13-65
	android:name
		ADDED from [:unityLibrary] AndroidManifest.xml:62:13-42
service#androidx.room.MultiInstanceInvalidationService
ADDED from [:androidx.room.room-runtime-2.1.0:] AndroidManifest.xml:25:9-27:40
	android:exported
		ADDED from [:androidx.room.room-runtime-2.1.0:] AndroidManifest.xml:27:13-37
	android:name
		ADDED from [:androidx.room.room-runtime-2.1.0:] AndroidManifest.xml:26:13-74
uses-permission#android.permission.WAKE_LOCK
ADDED from [:androidx.work.work-runtime-2.1.0:] AndroidManifest.xml:19:3-66
MERGED from [:com.google.android.gms.play-services-measurement-sdk-api-17.2.0:] AndroidManifest.xml:25:5-68
MERGED from [:com.google.android.gms.play-services-measurement-sdk-api-17.2.0:] AndroidManifest.xml:25:5-68
	android:name
		ADDED from [:androidx.work.work-runtime-2.1.0:] AndroidManifest.xml:19:20-63
uses-permission#android.permission.ACCESS_NETWORK_STATE
ADDED from [:androidx.work.work-runtime-2.1.0:] AndroidManifest.xml:20:3-77
MERGED from [:com.google.android.gms.play-services-ads-lite-19.5.0:] AndroidManifest.xml:21:3-77
MERGED from [:com.google.android.gms.play-services-ads-lite-19.5.0:] AndroidManifest.xml:21:3-77
MERGED from [:com.google.android.gms.play-services-measurement-sdk-api-17.2.0:] AndroidManifest.xml:24:5-79
MERGED from [:com.google.android.gms.play-services-measurement-sdk-api-17.2.0:] AndroidManifest.xml:24:5-79
MERGED from [:UnityAds:] AndroidManifest.xml:11:5-79
MERGED from [:UnityAds:] AndroidManifest.xml:11:5-79
	android:name
		ADDED from [:androidx.work.work-runtime-2.1.0:] AndroidManifest.xml:20:20-74
uses-permission#android.permission.RECEIVE_BOOT_COMPLETED
ADDED from [:androidx.work.work-runtime-2.1.0:] AndroidManifest.xml:21:3-79
	android:name
		ADDED from [:androidx.work.work-runtime-2.1.0:] AndroidManifest.xml:21:20-76
provider#androidx.work.impl.WorkManagerInitializer
ADDED from [:androidx.work.work-runtime-2.1.0:] AndroidManifest.xml:23:5-249
	android:authorities
		ADDED from [:androidx.work.work-runtime-2.1.0:] AndroidManifest.xml:23:72-141
	android:multiprocess
		ADDED from [:androidx.work.work-runtime-2.1.0:] AndroidManifest.xml:23:199-226
	android:exported
		ADDED from [:androidx.work.work-runtime-2.1.0:] AndroidManifest.xml:23:174-198
	tools:targetApi
		ADDED from [:androidx.work.work-runtime-2.1.0:] AndroidManifest.xml:23:227-246
	android:directBootAware
		ADDED from [:androidx.work.work-runtime-2.1.0:] AndroidManifest.xml:23:142-173
	android:name
		ADDED from [:androidx.work.work-runtime-2.1.0:] AndroidManifest.xml:23:15-71
service#androidx.work.impl.background.systemalarm.SystemAlarmService
ADDED from [:androidx.work.work-runtime-2.1.0:] AndroidManifest.xml:24:5-229
	android:enabled
		ADDED from [:androidx.work.work-runtime-2.1.0:] AndroidManifest.xml:24:122-181
	android:exported
		ADDED from [:androidx.work.work-runtime-2.1.0:] AndroidManifest.xml:24:182-206
	tools:targetApi
		ADDED from [:androidx.work.work-runtime-2.1.0:] AndroidManifest.xml:24:207-226
	android:directBootAware
		ADDED from [:androidx.work.work-runtime-2.1.0:] AndroidManifest.xml:24:90-121
	android:name
		ADDED from [:androidx.work.work-runtime-2.1.0:] AndroidManifest.xml:24:14-89
service#androidx.work.impl.background.systemjob.SystemJobService
ADDED from [:androidx.work.work-runtime-2.1.0:] AndroidManifest.xml:25:5-279
	android:enabled
		ADDED from [:androidx.work.work-runtime-2.1.0:] AndroidManifest.xml:25:118-175
	android:exported
		ADDED from [:androidx.work.work-runtime-2.1.0:] AndroidManifest.xml:25:176-199
	android:permission
		ADDED from [:androidx.work.work-runtime-2.1.0:] AndroidManifest.xml:25:200-256
	tools:targetApi
		ADDED from [:androidx.work.work-runtime-2.1.0:] AndroidManifest.xml:25:257-276
	android:directBootAware
		ADDED from [:androidx.work.work-runtime-2.1.0:] AndroidManifest.xml:25:86-117
	android:name
		ADDED from [:androidx.work.work-runtime-2.1.0:] AndroidManifest.xml:25:14-85
receiver#androidx.work.impl.utils.ForceStopRunnable$BroadcastReceiver
ADDED from [:androidx.work.work-runtime-2.1.0:] AndroidManifest.xml:26:5-193
	android:enabled
		ADDED from [:androidx.work.work-runtime-2.1.0:] AndroidManifest.xml:26:123-145
	android:exported
		ADDED from [:androidx.work.work-runtime-2.1.0:] AndroidManifest.xml:26:146-170
	tools:targetApi
		ADDED from [:androidx.work.work-runtime-2.1.0:] AndroidManifest.xml:26:171-190
	android:directBootAware
		ADDED from [:androidx.work.work-runtime-2.1.0:] AndroidManifest.xml:26:91-122
	android:name
		ADDED from [:androidx.work.work-runtime-2.1.0:] AndroidManifest.xml:26:15-90
receiver#androidx.work.impl.background.systemalarm.ConstraintProxy$BatteryChargingProxy
ADDED from [:androidx.work.work-runtime-2.1.0:] AndroidManifest.xml:27:5-32:16
	android:enabled
		ADDED from [:androidx.work.work-runtime-2.1.0:] AndroidManifest.xml:27:141-164
	android:exported
		ADDED from [:androidx.work.work-runtime-2.1.0:] AndroidManifest.xml:27:165-189
	tools:targetApi
		ADDED from [:androidx.work.work-runtime-2.1.0:] AndroidManifest.xml:27:190-209
	android:directBootAware
		ADDED from [:androidx.work.work-runtime-2.1.0:] AndroidManifest.xml:27:109-140
	android:name
		ADDED from [:androidx.work.work-runtime-2.1.0:] AndroidManifest.xml:27:15-108
intent-filter#action:name:android.intent.action.ACTION_POWER_CONNECTED+action:name:android.intent.action.ACTION_POWER_DISCONNECTED
ADDED from [:androidx.work.work-runtime-2.1.0:] AndroidManifest.xml:28:7-31:23
action#android.intent.action.ACTION_POWER_CONNECTED
ADDED from [:androidx.work.work-runtime-2.1.0:] AndroidManifest.xml:29:9-79
	android:name
		ADDED from [:androidx.work.work-runtime-2.1.0:] AndroidManifest.xml:29:17-76
action#android.intent.action.ACTION_POWER_DISCONNECTED
ADDED from [:androidx.work.work-runtime-2.1.0:] AndroidManifest.xml:30:9-82
	android:name
		ADDED from [:androidx.work.work-runtime-2.1.0:] AndroidManifest.xml:30:17-79
receiver#androidx.work.impl.background.systemalarm.ConstraintProxy$BatteryNotLowProxy
ADDED from [:androidx.work.work-runtime-2.1.0:] AndroidManifest.xml:33:5-38:16
	android:enabled
		ADDED from [:androidx.work.work-runtime-2.1.0:] AndroidManifest.xml:33:139-162
	android:exported
		ADDED from [:androidx.work.work-runtime-2.1.0:] AndroidManifest.xml:33:163-187
	tools:targetApi
		ADDED from [:androidx.work.work-runtime-2.1.0:] AndroidManifest.xml:33:188-207
	android:directBootAware
		ADDED from [:androidx.work.work-runtime-2.1.0:] AndroidManifest.xml:33:107-138
	android:name
		ADDED from [:androidx.work.work-runtime-2.1.0:] AndroidManifest.xml:33:15-106
intent-filter#action:name:android.intent.action.BATTERY_LOW+action:name:android.intent.action.BATTERY_OKAY
ADDED from [:androidx.work.work-runtime-2.1.0:] AndroidManifest.xml:34:7-37:23
action#android.intent.action.BATTERY_OKAY
ADDED from [:androidx.work.work-runtime-2.1.0:] AndroidManifest.xml:35:9-69
	android:name
		ADDED from [:androidx.work.work-runtime-2.1.0:] AndroidManifest.xml:35:17-66
action#android.intent.action.BATTERY_LOW
ADDED from [:androidx.work.work-runtime-2.1.0:] AndroidManifest.xml:36:9-68
	android:name
		ADDED from [:androidx.work.work-runtime-2.1.0:] AndroidManifest.xml:36:17-65
receiver#androidx.work.impl.background.systemalarm.ConstraintProxy$StorageNotLowProxy
ADDED from [:androidx.work.work-runtime-2.1.0:] AndroidManifest.xml:39:5-44:16
	android:enabled
		ADDED from [:androidx.work.work-runtime-2.1.0:] AndroidManifest.xml:39:139-162
	android:exported
		ADDED from [:androidx.work.work-runtime-2.1.0:] AndroidManifest.xml:39:163-187
	tools:targetApi
		ADDED from [:androidx.work.work-runtime-2.1.0:] AndroidManifest.xml:39:188-207
	android:directBootAware
		ADDED from [:androidx.work.work-runtime-2.1.0:] AndroidManifest.xml:39:107-138
	android:name
		ADDED from [:androidx.work.work-runtime-2.1.0:] AndroidManifest.xml:39:15-106
intent-filter#action:name:android.intent.action.DEVICE_STORAGE_LOW+action:name:android.intent.action.DEVICE_STORAGE_OK
ADDED from [:androidx.work.work-runtime-2.1.0:] AndroidManifest.xml:40:7-43:23
action#android.intent.action.DEVICE_STORAGE_LOW
ADDED from [:androidx.work.work-runtime-2.1.0:] AndroidManifest.xml:41:9-75
	android:name
		ADDED from [:androidx.work.work-runtime-2.1.0:] AndroidManifest.xml:41:17-72
action#android.intent.action.DEVICE_STORAGE_OK
ADDED from [:androidx.work.work-runtime-2.1.0:] AndroidManifest.xml:42:9-74
	android:name
		ADDED from [:androidx.work.work-runtime-2.1.0:] AndroidManifest.xml:42:17-71
receiver#androidx.work.impl.background.systemalarm.ConstraintProxy$NetworkStateProxy
ADDED from [:androidx.work.work-runtime-2.1.0:] AndroidManifest.xml:45:5-49:16
	android:enabled
		ADDED from [:androidx.work.work-runtime-2.1.0:] AndroidManifest.xml:45:138-161
	android:exported
		ADDED from [:androidx.work.work-runtime-2.1.0:] AndroidManifest.xml:45:162-186
	tools:targetApi
		ADDED from [:androidx.work.work-runtime-2.1.0:] AndroidManifest.xml:45:187-206
	android:directBootAware
		ADDED from [:androidx.work.work-runtime-2.1.0:] AndroidManifest.xml:45:106-137
	android:name
		ADDED from [:androidx.work.work-runtime-2.1.0:] AndroidManifest.xml:45:15-105
intent-filter#action:name:android.net.conn.CONNECTIVITY_CHANGE
ADDED from [:androidx.work.work-runtime-2.1.0:] AndroidManifest.xml:46:7-48:23
action#android.net.conn.CONNECTIVITY_CHANGE
ADDED from [:androidx.work.work-runtime-2.1.0:] AndroidManifest.xml:47:9-71
	android:name